<?xml version="1.0" encoding="UTF-8"?>
<!-- Generated by org.testng.reporters.JUnitReportReporter -->
<testsuite hostname="Dell201101" failures="0" tests="4" name="pl.tomaszbuga.tests.FirstTest" time="11.221" errors="0" timestamp="2022-10-30T17:25:43 CET" skipped="0">
  <testcase classname="pl.tomaszbuga.tests.FirstTest" name="clearTextInputTest" time="2.076"/>
  <system-out/>
  <testcase classname="pl.tomaszbuga.tests.FirstTest" name="enterTextToTextareaInputTest" time="2.322"/>
  <system-out/>
  <testcase classname="pl.tomaszbuga.tests.FirstTest" name="enterTextToTextInputTest" time="2.272"/>
  <system-out/>
  <testcase classname="pl.tomaszbuga.tests.FirstTest" name="selectValueFromDropdownTest" time="4.551"/>
  <system-out/>
</testsuite> <!-- pl.tomaszbuga.tests.FirstTest -->
